TN:
SF:src/configuration/config.ts
FNF:0
FNH:0
DA:1,1
DA:6,1
LF:2
LH:2
BRF:0
BRH:0
end_of_record
TN:
SF:src/core/articles/models/Article.ts
FN:6,(anonymous_0)
FNF:1
FNH:0
FNDA:0,(anonymous_0)
DA:1,1
DA:2,0
DA:3,0
DA:4,0
DA:15,0
DA:16,0
DA:17,0
LF:7
LH:1
BRF:0
BRH:0
end_of_record
TN:
SF:src/core/articles/services/ArticlesService.ts
FN:6,getArticles
FN:12,(anonymous_2)
FN:17,createArticle
FNF:3
FNH:0
FNDA:0,getArticles
FNDA:0,(anonymous_2)
FNDA:0,createArticle
DA:1,1
DA:2,1
DA:4,1
DA:6,1
DA:7,0
DA:11,0
DA:13,0
DA:17,1
DA:21,0
LF:9
LH:5
BRF:0
BRH:0
end_of_record
